In file included from /WMMA/test/dlrm/test/DlrmDotTest.cpp:27:
In file included from /WMMA/test/dlrm/DlrmDotTest.h:32:
In file included from /WMMA/test/dlrm/DlrmDot.h:30:
In file included from /WMMA/test/dlrm/common.h:33:
/WMMA/library/include/BufferLoad.h:29:2: warning: "BufferLoad is deprecated. Please use OpaqueLoad." [-W#warnings]
#warning "BufferLoad is deprecated. Please use OpaqueLoad."
 ^
In file included from /WMMA/test/dlrm/test/DlrmDotTest.cpp:27:
In file included from /WMMA/test/dlrm/DlrmDotTest.h:32:
In file included from /WMMA/test/dlrm/DlrmDot.h:30:
In file included from /WMMA/test/dlrm/common.h:33:
/WMMA/library/include/BufferLoad.h:29:2: warning: "BufferLoad is deprecated. Please use OpaqueLoad." [-W#warnings]
#warning "BufferLoad is deprecated. Please use OpaqueLoad."
 ^
In file included from /WMMA/test/dlrm/test/DlrmDotTest.cpp:27:
In file included from /WMMA/test/dlrm/DlrmDotTest.h:32:
In file included from /WMMA/test/dlrm/DlrmDot.h:30:
In file included from /WMMA/test/dlrm/common.h:33:
/WMMA/library/include/BufferLoad.h:29:2: warning: "BufferLoad is deprecated. Please use OpaqueLoad." [-W#warnings]
#warning "BufferLoad is deprecated. Please use OpaqueLoad."
 ^
In file included from /WMMA/test/dlrm/test/DlrmDotTest.cpp:27:
In file included from /WMMA/test/dlrm/DlrmDotTest.h:32:
In file included from /WMMA/test/dlrm/DlrmDot.h:30:
In file included from /WMMA/test/dlrm/common.h:33:
/WMMA/library/include/BufferLoad.h:29:2: warning: "BufferLoad is deprecated. Please use OpaqueLoad." [-W#warnings]
#warning "BufferLoad is deprecated. Please use OpaqueLoad."
 ^
In file included from /WMMA/test/dlrm/test/DlrmDotTest.cpp:27:
In file included from /WMMA/test/dlrm/DlrmDotTest.h:32:
In file included from /WMMA/test/dlrm/DlrmDot.h:30:
In file included from /WMMA/test/dlrm/common.h:33:
/WMMA/library/include/BufferLoad.h:29:2: warning: "BufferLoad is deprecated. Please use OpaqueLoad." [-W#warnings]
#warning "BufferLoad is deprecated. Please use OpaqueLoad."
 ^
In file included from /WMMA/test/dlrm/test/DlrmDotTest.cpp:27:
In file included from /WMMA/test/dlrm/DlrmDotTest.h:32:
In file included from /WMMA/test/dlrm/DlrmDot.h:30:
In file included from /WMMA/test/dlrm/common.h:33:
/WMMA/library/include/BufferLoad.h:29:2: warning: "BufferLoad is deprecated. Please use OpaqueLoad." [-W#warnings]
#warning "BufferLoad is deprecated. Please use OpaqueLoad."
 ^
In file included from /WMMA/test/dlrm/test/DlrmDotTest.cpp:27:
In file included from /WMMA/test/dlrm/DlrmDotTest.h:32:
In file included from /WMMA/test/dlrm/DlrmDot.h:30:
In file included from /WMMA/test/dlrm/common.h:34:
/WMMA/library/include/BufferStore.h:29:2: warning: "BufferStore is deprecated. Please use OpaqueStore" [-W#warnings]
#warning "BufferStore is deprecated. Please use OpaqueStore"
 ^
In file included from /WMMA/test/dlrm/test/DlrmDotTest.cpp:27:
In file included from /WMMA/test/dlrm/DlrmDotTest.h:32:
In file included from /WMMA/test/dlrm/DlrmDot.h:30:
In file included from /WMMA/test/dlrm/common.h:34:
/WMMA/library/include/BufferStore.h:29:2: warning: "BufferStore is deprecated. Please use OpaqueStore" [-W#warnings]
#warning "BufferStore is deprecated. Please use OpaqueStore"
 ^
In file included from /WMMA/test/dlrm/test/DlrmDotTest.cpp:27:
In file included from /WMMA/test/dlrm/DlrmDotTest.h:32:
In file included from /WMMA/test/dlrm/DlrmDot.h:30:
In file included from /WMMA/test/dlrm/common.h:34:
/WMMA/library/include/BufferStore.h:29:2: warning: "BufferStore is deprecated. Please use OpaqueStore" [-W#warnings]
#warning "BufferStore is deprecated. Please use OpaqueStore"
 ^
In file included from /WMMA/test/dlrm/test/DlrmDotTest.cpp:27:
In file included from /WMMA/test/dlrm/DlrmDotTest.h:32:
In file included from /WMMA/test/dlrm/DlrmDot.h:30:
In file included from /WMMA/test/dlrm/common.h:34:
/WMMA/library/include/BufferStore.h:29:2: warning: "BufferStore is deprecated. Please use OpaqueStore" [-W#warnings]
#warning "BufferStore is deprecated. Please use OpaqueStore"
 ^
In file included from /WMMA/test/dlrm/test/DlrmDotTest.cpp:27:
In file included from /WMMA/test/dlrm/DlrmDotTest.h:32:
In file included from /WMMA/test/dlrm/DlrmDot.h:30:
In file included from /WMMA/test/dlrm/common.h:34:
/WMMA/library/include/BufferStore.h:29:2: warning: "BufferStore is deprecated. Please use OpaqueStore" [-W#warnings]
#warning "BufferStore is deprecated. Please use OpaqueStore"
 ^
In file included from /WMMA/test/dlrm/test/DlrmDotTest.cpp:27:
In file included from /WMMA/test/dlrm/DlrmDotTest.h:32:
In file included from /WMMA/test/dlrm/DlrmDot.h:30:
In file included from /WMMA/test/dlrm/common.h:34:
/WMMA/library/include/BufferStore.h:29:2: warning: "BufferStore is deprecated. Please use OpaqueStore" [-W#warnings]
#warning "BufferStore is deprecated. Please use OpaqueStore"
 ^
In file included from /WMMA/test/dlrm/test/DlrmDotTest.cpp:27:
In file included from /WMMA/test/dlrm/DlrmDotTest.h:32:
/WMMA/test/dlrm/DlrmDot.h:1057:10: warning: loop not unrolled: the optimizer was unable to perform the requested transformation; the transformation might be disabled or specified as part of an unsupported transformation ordering [-Wpass-failed=transform-warning]
    void dotBasedInteractBwdKernel(const float* __restrict input,
         ^
/WMMA/test/dlrm/DlrmDot.h:913:10: warning: loop not unrolled: the optimizer was unable to perform the requested transformation; the transformation might be disabled or specified as part of an unsupported transformation ordering [-Wpass-failed=transform-warning]
    void dotBasedInteractBwdKernelNonAligned(const float* __restrict input,
         ^
In file included from /WMMA/test/dlrm/test/DlrmDotTest.cpp:27:
In file included from /WMMA/test/dlrm/DlrmDotTest.h:32:
/WMMA/test/dlrm/DlrmDot.h:1057:10: warning: loop not unrolled: the optimizer was unable to perform the requested transformation; the transformation might be disabled or specified as part of an unsupported transformation ordering [-Wpass-failed=transform-warning]
    void dotBasedInteractBwdKernel(const float* __restrict input,
         ^
In file included from /WMMA/test/dlrm/test/DlrmDotTest.cpp:27:
In file included from /WMMA/test/dlrm/DlrmDotTest.h:32:
/WMMA/test/dlrm/DlrmDot.h:1057:10: warning: loop not unrolled: the optimizer was unable to perform the requested transformation; the transformation might be disabled or specified as part of an unsupported transformation ordering [-Wpass-failed=transform-warning]
    void dotBasedInteractBwdKernel(const float* __restrict input,
         ^
/WMMA/test/dlrm/DlrmDot.h:913:10: warning: loop not unrolled: the optimizer was unable to perform the requested transformation; the transformation might be disabled or specified as part of an unsupported transformation ordering [-Wpass-failed=transform-warning]
    void dotBasedInteractBwdKernelNonAligned(const float* __restrict input,
         ^
/WMMA/test/dlrm/DlrmDot.h:1057:10: warning: loop not unrolled: the optimizer was unable to perform the requested transformation; the transformation might be disabled or specified as part of an unsupported transformation ordering [-Wpass-failed=transform-warning]
    void dotBasedInteractBwdKernel(const float* __restrict input,
         ^
/WMMA/test/dlrm/DlrmDot.h:913:10: warning: loop not unrolled: the optimizer was unable to perform the requested transformation; the transformation might be disabled or specified as part of an unsupported transformation ordering [-Wpass-failed=transform-warning]
    void dotBasedInteractBwdKernelNonAligned(const float* __restrict input,
         ^
/WMMA/test/dlrm/DlrmDot.h:1057:10: warning: loop not unrolled: the optimizer was unable to perform the requested transformation; the transformation might be disabled or specified as part of an unsupported transformation ordering [-Wpass-failed=transform-warning]
    void dotBasedInteractBwdKernel(const float* __restrict input,
         ^
/WMMA/test/dlrm/DlrmDot.h:913:10: warning: loop not unrolled: the optimizer was unable to perform the requested transformation; the transformation might be disabled or specified as part of an unsupported transformation ordering [-Wpass-failed=transform-warning]
    void dotBasedInteractBwdKernelNonAligned(const float* __restrict input,
         ^
/WMMA/test/dlrm/DlrmDot.h:913:10: warning: loop not unrolled: the optimizer was unable to perform the requested transformation; the transformation might be disabled or specified as part of an unsupported transformation ordering [-Wpass-failed=transform-warning]
    void dotBasedInteractBwdKernelNonAligned(const float* __restrict input,
         ^
In file included from /WMMA/test/dlrm/test/DlrmDotTest.cpp:27:
In file included from /WMMA/test/dlrm/DlrmDotTest.h:32:
/WMMA/test/dlrm/DlrmDot.h:1057:10: warning: loop not unrolled: the optimizer was unable to perform the requested transformation; the transformation might be disabled or specified as part of an unsupported transformation ordering [-Wpass-failed=transform-warning]
    void dotBasedInteractBwdKernel(const float* __restrict input,
         ^
/WMMA/test/dlrm/DlrmDot.h:1057:10: warning: loop not unrolled: the optimizer was unable to perform the requested transformation; the transformation might be disabled or specified as part of an unsupported transformation ordering [-Wpass-failed=transform-warning]
    void dotBasedInteractBwdKernel(const float* __restrict input,
         ^
/WMMA/test/dlrm/DlrmDot.h:913:10: warning: loop not unrolled: the optimizer was unable to perform the requested transformation; the transformation might be disabled or specified as part of an unsupported transformation ordering [-Wpass-failed=transform-warning]
    void dotBasedInteractBwdKernelNonAligned(const float* __restrict input,
         ^
/WMMA/test/dlrm/DlrmDot.h:1057:10: warning: loop not unrolled: the optimizer was unable to perform the requested transformation; the transformation might be disabled or specified as part of an unsupported transformation ordering [-Wpass-failed=transform-warning]
    void dotBasedInteractBwdKernel(const float* __restrict input,
         ^
/WMMA/test/dlrm/DlrmDot.h:1057:10: warning: loop not unrolled: the optimizer was unable to perform the requested transformation; the transformation might be disabled or specified as part of an unsupported transformation ordering [-Wpass-failed=transform-warning]
    void dotBasedInteractBwdKernel(const float* __restrict input,
         ^
/WMMA/test/dlrm/DlrmDot.h:913:10: warning: loop not unrolled: the optimizer was unable to perform the requested transformation; the transformation might be disabled or specified as part of an unsupported transformation ordering [-Wpass-failed=transform-warning]
    void dotBasedInteractBwdKernelNonAligned(const float* __restrict input,
         ^
/WMMA/test/dlrm/DlrmDot.h:913:10: warning: loop not unrolled: the optimizer was unable to perform the requested transformation; the transformation might be disabled or specified as part of an unsupported transformation ordering [-Wpass-failed=transform-warning]
    void dotBasedInteractBwdKernelNonAligned(const float* __restrict input,
         ^
/WMMA/test/dlrm/DlrmDot.h:1057:10: warning: loop not unrolled: the optimizer was unable to perform the requested transformation; the transformation might be disabled or specified as part of an unsupported transformation ordering [-Wpass-failed=transform-warning]
    void dotBasedInteractBwdKernel(const float* __restrict input,
         ^
/WMMA/test/dlrm/DlrmDot.h:913:10: warning: loop not unrolled: the optimizer was unable to perform the requested transformation; the transformation might be disabled or specified as part of an unsupported transformation ordering [-Wpass-failed=transform-warning]
    void dotBasedInteractBwdKernelNonAligned(const float* __restrict input,
         ^
/WMMA/test/dlrm/DlrmDot.h:1057:10: warning: loop not unrolled: the optimizer was unable to perform the requested transformation; the transformation might be disabled or specified as part of an unsupported transformation ordering [-Wpass-failed=transform-warning]
    void dotBasedInteractBwdKernel(const float* __restrict input,
         ^
/WMMA/test/dlrm/DlrmDot.h:913:10: warning: loop not unrolled: the optimizer was unable to perform the requested transformation; the transformation might be disabled or specified as part of an unsupported transformation ordering [-Wpass-failed=transform-warning]
    void dotBasedInteractBwdKernelNonAligned(const float* __restrict input,
         ^
/WMMA/test/dlrm/DlrmDot.h:913:10: warning: loop not unrolled: the optimizer was unable to perform the requested transformation; the transformation might be disabled or specified as part of an unsupported transformation ordering [-Wpass-failed=transform-warning]
    void dotBasedInteractBwdKernelNonAligned(const float* __restrict input,
         ^
/WMMA/test/dlrm/DlrmDot.h:1057:10: warning: loop not unrolled: the optimizer was unable to perform the requested transformation; the transformation might be disabled or specified as part of an unsupported transformation ordering [-Wpass-failed=transform-warning]
    void dotBasedInteractBwdKernel(const float* __restrict input,
         ^
/WMMA/test/dlrm/DlrmDot.h:1057:10: warning: loop not unrolled: the optimizer was unable to perform the requested transformation; the transformation might be disabled or specified as part of an unsupported transformation ordering [-Wpass-failed=transform-warning]
    void dotBasedInteractBwdKernel(const float* __restrict input,
         ^
/WMMA/test/dlrm/DlrmDot.h:913:10: warning: loop not unrolled: the optimizer was unable to perform the requested transformation; the transformation might be disabled or specified as part of an unsupported transformation ordering [-Wpass-failed=transform-warning]
    void dotBasedInteractBwdKernelNonAligned(const float* __restrict input,
         ^
/WMMA/test/dlrm/DlrmDot.h:913:10: warning: loop not unrolled: the optimizer was unable to perform the requested transformation; the transformation might be disabled or specified as part of an unsupported transformation ordering [-Wpass-failed=transform-warning]
    void dotBasedInteractBwdKernelNonAligned(const float* __restrict input,
         ^
/WMMA/test/dlrm/DlrmDot.h:1057:10: warning: loop not unrolled: the optimizer was unable to perform the requested transformation; the transformation might be disabled or specified as part of an unsupported transformation ordering [-Wpass-failed=transform-warning]
    void dotBasedInteractBwdKernel(const float* __restrict input,
         ^
/WMMA/test/dlrm/DlrmDot.h:1057:10: warning: loop not unrolled: the optimizer was unable to perform the requested transformation; the transformation might be disabled or specified as part of an unsupported transformation ordering [-Wpass-failed=transform-warning]
    void dotBasedInteractBwdKernel(const float* __restrict input,
         ^
/WMMA/test/dlrm/DlrmDot.h:913:10: warning: loop not unrolled: the optimizer was unable to perform the requested transformation; the transformation might be disabled or specified as part of an unsupported transformation ordering [-Wpass-failed=transform-warning]
    void dotBasedInteractBwdKernelNonAligned(const float* __restrict input,
         ^
/WMMA/test/dlrm/DlrmDot.h:913:10: warning: loop not unrolled: the optimizer was unable to perform the requested transformation; the transformation might be disabled or specified as part of an unsupported transformation ordering [-Wpass-failed=transform-warning]
    void dotBasedInteractBwdKernelNonAligned(const float* __restrict input,
         ^
/WMMA/test/dlrm/DlrmDot.h:1057:10: warning: loop not unrolled: the optimizer was unable to perform the requested transformation; the transformation might be disabled or specified as part of an unsupported transformation ordering [-Wpass-failed=transform-warning]
    void dotBasedInteractBwdKernel(const float* __restrict input,
         ^
/WMMA/test/dlrm/DlrmDot.h:913:10: warning: loop not unrolled: the optimizer was unable to perform the requested transformation; the transformation might be disabled or specified as part of an unsupported transformation ordering [-Wpass-failed=transform-warning]
    void dotBasedInteractBwdKernelNonAligned(const float* __restrict input,
         ^
10 warnings generated when compiling for gfx908.
10 warnings generated when compiling for gfx90a.
10 warnings generated when compiling for gfx90a.
10 warnings generated when compiling for gfx90a.
In file included from /WMMA/test/dlrm/test/DlrmDotTest.cpp:27:
In file included from /WMMA/test/dlrm/DlrmDotTest.h:32:
/WMMA/test/dlrm/DlrmDot.h:1057:10: warning: loop not unrolled: the optimizer was unable to perform the requested transformation; the transformation might be disabled or specified as part of an unsupported transformation ordering [-Wpass-failed=transform-warning]
    void dotBasedInteractBwdKernel(const float* __restrict input,
         ^
/WMMA/test/dlrm/DlrmDot.h:913:10: warning: loop not unrolled: the optimizer was unable to perform the requested transformation; the transformation might be disabled or specified as part of an unsupported transformation ordering [-Wpass-failed=transform-warning]
    void dotBasedInteractBwdKernelNonAligned(const float* __restrict input,
         ^
/WMMA/test/dlrm/DlrmDot.h:1057:10: warning: loop not unrolled: the optimizer was unable to perform the requested transformation; the transformation might be disabled or specified as part of an unsupported transformation ordering [-Wpass-failed=transform-warning]
    void dotBasedInteractBwdKernel(const float* __restrict input,
         ^
/WMMA/test/dlrm/DlrmDot.h:913:10: warning: loop not unrolled: the optimizer was unable to perform the requested transformation; the transformation might be disabled or specified as part of an unsupported transformation ordering [-Wpass-failed=transform-warning]
    void dotBasedInteractBwdKernelNonAligned(const float* __restrict input,
         ^
/WMMA/test/dlrm/DlrmDot.h:1057:10: warning: loop not unrolled: the optimizer was unable to perform the requested transformation; the transformation might be disabled or specified as part of an unsupported transformation ordering [-Wpass-failed=transform-warning]
    void dotBasedInteractBwdKernel(const float* __restrict input,
         ^
/WMMA/test/dlrm/DlrmDot.h:913:10: warning: loop not unrolled: the optimizer was unable to perform the requested transformation; the transformation might be disabled or specified as part of an unsupported transformation ordering [-Wpass-failed=transform-warning]
    void dotBasedInteractBwdKernelNonAligned(const float* __restrict input,
         ^
/WMMA/test/dlrm/DlrmDot.h:1057:10: warning: loop not unrolled: the optimizer was unable to perform the requested transformation; the transformation might be disabled or specified as part of an unsupported transformation ordering [-Wpass-failed=transform-warning]
    void dotBasedInteractBwdKernel(const float* __restrict input,
         ^
/WMMA/test/dlrm/DlrmDot.h:913:10: warning: loop not unrolled: the optimizer was unable to perform the requested transformation; the transformation might be disabled or specified as part of an unsupported transformation ordering [-Wpass-failed=transform-warning]
    void dotBasedInteractBwdKernelNonAligned(const float* __restrict input,
         ^
In file included from /WMMA/test/dlrm/test/DlrmDotTest.cpp:27:
In file included from /WMMA/test/dlrm/DlrmDotTest.h:32:
/WMMA/test/dlrm/DlrmDot.h:1057:10: warning: loop not unrolled: the optimizer was unable to perform the requested transformation; the transformation might be disabled or specified as part of an unsupported transformation ordering [-Wpass-failed=transform-warning]
    void dotBasedInteractBwdKernel(const float* __restrict input,
         ^
/WMMA/test/dlrm/DlrmDot.h:913:10: warning: loop not unrolled: the optimizer was unable to perform the requested transformation; the transformation might be disabled or specified as part of an unsupported transformation ordering [-Wpass-failed=transform-warning]
    void dotBasedInteractBwdKernelNonAligned(const float* __restrict input,
         ^
/WMMA/test/dlrm/DlrmDot.h:1057:10: warning: loop not unrolled: the optimizer was unable to perform the requested transformation; the transformation might be disabled or specified as part of an unsupported transformation ordering [-Wpass-failed=transform-warning]
    void dotBasedInteractBwdKernel(const float* __restrict input,
         ^
/WMMA/test/dlrm/DlrmDot.h:913:10: warning: loop not unrolled: the optimizer was unable to perform the requested transformation; the transformation might be disabled or specified as part of an unsupported transformation ordering [-Wpass-failed=transform-warning]
    void dotBasedInteractBwdKernelNonAligned(const float* __restrict input,
         ^
/WMMA/test/dlrm/DlrmDot.h:1057:10: warning: loop not unrolled: the optimizer was unable to perform the requested transformation; the transformation might be disabled or specified as part of an unsupported transformation ordering [-Wpass-failed=transform-warning]
    void dotBasedInteractBwdKernel(const float* __restrict input,
         ^
/WMMA/test/dlrm/DlrmDot.h:913:10: warning: loop not unrolled: the optimizer was unable to perform the requested transformation; the transformation might be disabled or specified as part of an unsupported transformation ordering [-Wpass-failed=transform-warning]
    void dotBasedInteractBwdKernelNonAligned(const float* __restrict input,
         ^
/WMMA/test/dlrm/DlrmDot.h:1057:10: warning: loop not unrolled: the optimizer was unable to perform the requested transformation; the transformation might be disabled or specified as part of an unsupported transformation ordering [-Wpass-failed=transform-warning]
    void dotBasedInteractBwdKernel(const float* __restrict input,
         ^
/WMMA/test/dlrm/DlrmDot.h:913:10: warning: loop not unrolled: the optimizer was unable to perform the requested transformation; the transformation might be disabled or specified as part of an unsupported transformation ordering [-Wpass-failed=transform-warning]
    void dotBasedInteractBwdKernelNonAligned(const float* __restrict input,
         ^
10 warnings generated when compiling for gfx90a.
10 warnings generated when compiling for gfx908.
In file included from /WMMA/test/dlrm/test/DlrmDotTest.cpp:27:
In file included from /WMMA/test/dlrm/DlrmDotTest.h:32:
In file included from /WMMA/test/dlrm/DlrmDot.h:30:
In file included from /WMMA/test/dlrm/common.h:33:
/WMMA/library/include/BufferLoad.h:29:2: warning: "BufferLoad is deprecated. Please use OpaqueLoad." [-W#warnings]
#warning "BufferLoad is deprecated. Please use OpaqueLoad."
 ^
In file included from /WMMA/test/dlrm/test/DlrmDotTest.cpp:27:
In file included from /WMMA/test/dlrm/DlrmDotTest.h:32:
In file included from /WMMA/test/dlrm/DlrmDot.h:30:
In file included from /WMMA/test/dlrm/common.h:33:
/WMMA/library/include/BufferLoad.h:29:2: warning: "BufferLoad is deprecated. Please use OpaqueLoad." [-W#warnings]
#warning "BufferLoad is deprecated. Please use OpaqueLoad."
 ^
In file included from /WMMA/test/dlrm/test/DlrmDotTest.cpp:27:
In file included from /WMMA/test/dlrm/DlrmDotTest.h:32:
In file included from /WMMA/test/dlrm/DlrmDot.h:30:
In file included from /WMMA/test/dlrm/common.h:34:
/WMMA/library/include/BufferStore.h:29:2: warning: "BufferStore is deprecated. Please use OpaqueStore" [-W#warnings]
#warning "BufferStore is deprecated. Please use OpaqueStore"
 ^
In file included from /WMMA/test/dlrm/test/DlrmDotTest.cpp:27:
In file included from /WMMA/test/dlrm/DlrmDotTest.h:32:
In file included from /WMMA/test/dlrm/DlrmDot.h:30:
In file included from /WMMA/test/dlrm/common.h:34:
/WMMA/library/include/BufferStore.h:29:2: warning: "BufferStore is deprecated. Please use OpaqueStore" [-W#warnings]
#warning "BufferStore is deprecated. Please use OpaqueStore"
 ^
2 warnings generated when compiling for host.
2 warnings generated when compiling for host.
